0 info it worked if it ends with ok
1 verbose cli [ '/usr/local/bin/node', '/usr/local/bin/npm', 'install' ]
2 info using npm@1.3.2
3 info using node@v0.10.13
4 verbose readDependencies using package.json deps
5 verbose install where, deps [ '/Users/dskvr/Documents/Warehouse/Warehouse GIT/Pyrosphere/Pyronode',
5 verbose install   [ 'express', 'ejs', 'stylus', 'serialnode', 'socket.io' ] ]
6 info preinstall application-name@0.0.1
7 verbose readDependencies using package.json deps
8 verbose cache add [ 'stylus@*', null ]
9 verbose cache add name=undefined spec="stylus@*" args=["stylus@*",null]
10 verbose parsed url { protocol: null,
10 verbose parsed url   slashes: null,
10 verbose parsed url   auth: null,
10 verbose parsed url   host: null,
10 verbose parsed url   port: null,
10 verbose parsed url   hostname: null,
10 verbose parsed url   hash: null,
10 verbose parsed url   search: null,
10 verbose parsed url   query: null,
10 verbose parsed url   pathname: 'stylus@*',
10 verbose parsed url   path: 'stylus@*',
10 verbose parsed url   href: 'stylus@*' }
11 verbose cache add name="stylus" spec="*" args=["stylus","*"]
12 verbose parsed url { protocol: null,
12 verbose parsed url   slashes: null,
12 verbose parsed url   auth: null,
12 verbose parsed url   host: null,
12 verbose parsed url   port: null,
12 verbose parsed url   hostname: null,
12 verbose parsed url   hash: null,
12 verbose parsed url   search: null,
12 verbose parsed url   query: null,
12 verbose parsed url   pathname: '*',
12 verbose parsed url   path: '*',
12 verbose parsed url   href: '*' }
13 verbose addNamed [ 'stylus', '*' ]
14 verbose addNamed [ null, '*' ]
15 verbose cache add [ 'express@3.1.0', null ]
16 verbose cache add name=undefined spec="express@3.1.0" args=["express@3.1.0",null]
17 verbose parsed url { protocol: null,
17 verbose parsed url   slashes: null,
17 verbose parsed url   auth: null,
17 verbose parsed url   host: null,
17 verbose parsed url   port: null,
17 verbose parsed url   hostname: null,
17 verbose parsed url   hash: null,
17 verbose parsed url   search: null,
17 verbose parsed url   query: null,
17 verbose parsed url   pathname: 'express@3.1.0',
17 verbose parsed url   path: 'express@3.1.0',
17 verbose parsed url   href: 'express@3.1.0' }
18 verbose cache add name="express" spec="3.1.0" args=["express","3.1.0"]
19 verbose parsed url { protocol: null,
19 verbose parsed url   slashes: null,
19 verbose parsed url   auth: null,
19 verbose parsed url   host: null,
19 verbose parsed url   port: null,
19 verbose parsed url   hostname: null,
19 verbose parsed url   hash: null,
19 verbose parsed url   search: null,
19 verbose parsed url   query: null,
19 verbose parsed url   pathname: '3.1.0',
19 verbose parsed url   path: '3.1.0',
19 verbose parsed url   href: '3.1.0' }
20 verbose addNamed [ 'express', '3.1.0' ]
21 verbose addNamed [ '3.1.0', '3.1.0' ]
22 verbose cache add [ 'ejs@*', null ]
23 verbose cache add name=undefined spec="ejs@*" args=["ejs@*",null]
24 verbose parsed url { protocol: null,
24 verbose parsed url   slashes: null,
24 verbose parsed url   auth: null,
24 verbose parsed url   host: null,
24 verbose parsed url   port: null,
24 verbose parsed url   hostname: null,
24 verbose parsed url   hash: null,
24 verbose parsed url   search: null,
24 verbose parsed url   query: null,
24 verbose parsed url   pathname: 'ejs@*',
24 verbose parsed url   path: 'ejs@*',
24 verbose parsed url   href: 'ejs@*' }
25 verbose cache add name="ejs" spec="*" args=["ejs","*"]
26 verbose parsed url { protocol: null,
26 verbose parsed url   slashes: null,
26 verbose parsed url   auth: null,
26 verbose parsed url   host: null,
26 verbose parsed url   port: null,
26 verbose parsed url   hostname: null,
26 verbose parsed url   hash: null,
26 verbose parsed url   search: null,
26 verbose parsed url   query: null,
26 verbose parsed url   pathname: '*',
26 verbose parsed url   path: '*',
26 verbose parsed url   href: '*' }
27 verbose addNamed [ 'ejs', '*' ]
28 verbose addNamed [ null, '*' ]
29 verbose cache add [ 'serialnode@3.1.0', null ]
30 verbose cache add name=undefined spec="serialnode@3.1.0" args=["serialnode@3.1.0",null]
31 verbose parsed url { protocol: null,
31 verbose parsed url   slashes: null,
31 verbose parsed url   auth: null,
31 verbose parsed url   host: null,
31 verbose parsed url   port: null,
31 verbose parsed url   hostname: null,
31 verbose parsed url   hash: null,
31 verbose parsed url   search: null,
31 verbose parsed url   query: null,
31 verbose parsed url   pathname: 'serialnode@3.1.0',
31 verbose parsed url   path: 'serialnode@3.1.0',
31 verbose parsed url   href: 'serialnode@3.1.0' }
32 verbose cache add name="serialnode" spec="3.1.0" args=["serialnode","3.1.0"]
33 verbose parsed url { protocol: null,
33 verbose parsed url   slashes: null,
33 verbose parsed url   auth: null,
33 verbose parsed url   host: null,
33 verbose parsed url   port: null,
33 verbose parsed url   hostname: null,
33 verbose parsed url   hash: null,
33 verbose parsed url   search: null,
33 verbose parsed url   query: null,
33 verbose parsed url   pathname: '3.1.0',
33 verbose parsed url   path: '3.1.0',
33 verbose parsed url   href: '3.1.0' }
34 verbose addNamed [ 'serialnode', '3.1.0' ]
35 verbose addNamed [ '3.1.0', '3.1.0' ]
36 verbose cache add [ 'socket.io@*', null ]
37 verbose cache add name=undefined spec="socket.io@*" args=["socket.io@*",null]
38 verbose parsed url { protocol: null,
38 verbose parsed url   slashes: null,
38 verbose parsed url   auth: null,
38 verbose parsed url   host: null,
38 verbose parsed url   port: null,
38 verbose parsed url   hostname: null,
38 verbose parsed url   hash: null,
38 verbose parsed url   search: null,
38 verbose parsed url   query: null,
38 verbose parsed url   pathname: 'socket.io@*',
38 verbose parsed url   path: 'socket.io@*',
38 verbose parsed url   href: 'socket.io@*' }
39 verbose cache add name="socket.io" spec="*" args=["socket.io","*"]
40 verbose parsed url { protocol: null,
40 verbose parsed url   slashes: null,
40 verbose parsed url   auth: null,
40 verbose parsed url   host: null,
40 verbose parsed url   port: null,
40 verbose parsed url   hostname: null,
40 verbose parsed url   hash: null,
40 verbose parsed url   search: null,
40 verbose parsed url   query: null,
40 verbose parsed url   pathname: '*',
40 verbose parsed url   path: '*',
40 verbose parsed url   href: '*' }
41 verbose addNamed [ 'socket.io', '*' ]
42 verbose addNamed [ null, '*' ]
43 silly lockFile 7849533d-stylus stylus@*
44 verbose lock stylus@* /Users/dskvr/.npm/7849533d-stylus.lock
45 silly lockFile 0557bc2a-express-3-1-0 express@3.1.0
46 verbose lock express@3.1.0 /Users/dskvr/.npm/0557bc2a-express-3-1-0.lock
47 silly lockFile 9d73ed50-ejs ejs@*
48 verbose lock ejs@* /Users/dskvr/.npm/9d73ed50-ejs.lock
49 silly addNameRange { name: 'stylus', range: '*', hasData: false }
50 silly lockFile 55e5f4dc-serialnode-3-1-0 serialnode@3.1.0
51 verbose lock serialnode@3.1.0 /Users/dskvr/.npm/55e5f4dc-serialnode-3-1-0.lock
52 silly lockFile 141fbf03-socket-io socket.io@*
53 verbose lock socket.io@* /Users/dskvr/.npm/141fbf03-socket-io.lock
54 silly addNameRange { name: 'ejs', range: '*', hasData: false }
55 verbose url raw stylus
56 verbose url resolving [ 'https://registry.npmjs.org/', './stylus' ]
57 verbose url resolved https://registry.npmjs.org/stylus
58 info trying registry request attempt 1 at 00:10:17
59 http GET https://registry.npmjs.org/stylus
60 verbose url raw express/3.1.0
61 verbose url resolving [ 'https://registry.npmjs.org/', './express/3.1.0' ]
62 verbose url resolved https://registry.npmjs.org/express/3.1.0
63 info trying registry request attempt 1 at 00:10:17
64 http GET https://registry.npmjs.org/express/3.1.0
65 silly addNameRange { name: 'socket.io', range: '*', hasData: false }
66 verbose url raw ejs
67 verbose url resolving [ 'https://registry.npmjs.org/', './ejs' ]
68 verbose url resolved https://registry.npmjs.org/ejs
69 info trying registry request attempt 1 at 00:10:17
70 http GET https://registry.npmjs.org/ejs
71 verbose url raw serialnode/3.1.0
72 verbose url resolving [ 'https://registry.npmjs.org/', './serialnode/3.1.0' ]
73 verbose url resolved https://registry.npmjs.org/serialnode/3.1.0
74 info trying registry request attempt 1 at 00:10:17
75 http GET https://registry.npmjs.org/serialnode/3.1.0
76 verbose url raw socket.io
77 verbose url resolving [ 'https://registry.npmjs.org/', './socket.io' ]
78 verbose url resolved https://registry.npmjs.org/socket.io
79 info trying registry request attempt 1 at 00:10:18
80 verbose etag "DH3NDUT0P31XPCA36434UY5FO"
81 http GET https://registry.npmjs.org/socket.io
82 http 404 https://registry.npmjs.org/serialnode/3.1.0
83 silly registry.get cb [ 404,
83 silly registry.get   { server: 'CouchDB/1.3.0 (Erlang OTP/R15B03)',
83 silly registry.get     date: 'Tue, 13 Aug 2013 07:10:17 GMT',
83 silly registry.get     'content-type': 'application/json',
83 silly registry.get     'content-length': '52',
83 silly registry.get     'cache-control': 'must-revalidate' } ]
84 silly lockFile 55e5f4dc-serialnode-3-1-0 serialnode@3.1.0
85 silly lockFile 55e5f4dc-serialnode-3-1-0 serialnode@3.1.0
86 error 404 'serialnode' is not in the npm registry.
86 error 404 You should bug the author to publish it
86 error 404
86 error 404 Note that you can also install from a
86 error 404 tarball, folder, or http url, or git url.
87 error System Darwin 12.2.1
88 error command "/usr/local/bin/node" "/usr/local/bin/npm" "install"
89 error cwd /Users/dskvr/Documents/Warehouse/Warehouse GIT/Pyrosphere/Pyronode
90 error node -v v0.10.13
91 error npm -v 1.3.2
92 error code E404
93 verbose exit [ 1, true ]
